<?xml version="1.0" encoding="UTF-8"?>
<!-- Generated by org.testng.reporters.JUnitXMLReporter -->
<testsuite ignored="0" hostname="LIN22004532" failures="2" tests="3" name="Test" time="20.726" errors="0" timestamp="2023-12-21T00:23:35 IST">
  <testcase classname="navmivishwakarma.Tests.ErrorValidations" name="loginError" time="1.046"/>
  <testcase classname="navmivishwakarma.Tests.ErrorValidations" name="productCheck" time="1.62">
    <failure type="java.lang.NullPointerException" message="Cannot invoke &amp;quot;org.openqa.selenium.WebElement.findElement(org.openqa.selenium.By)&amp;quot; because &amp;quot;desiredProduct&amp;quot; is null">
      <![CDATA[java.lang.NullPointerException: Cannot invoke "org.openqa.selenium.WebElement.findElement(org.openqa.selenium.By)" because "desiredProduct" is null
at navmivishwakarma.pageobjects.ProductCatalogue.addTocart(ProductCatalogue.java:39)
at navmivishwakarma.Tests.ErrorValidations.productCheck(ErrorValidations.java:22)
at java.base/java.util.ArrayList.forEach(ArrayList.java:1511)
... Removed 25 stack frames]]>
    </failure>
  </testcase> <!-- productCheck -->
  <testcase classname="navmivishwakarma.Tests.ErrorValidations" name="productCheck" time="8.939">
    <failure type="java.lang.NullPointerException" message="Cannot invoke &amp;quot;org.openqa.selenium.TakesScreenshot.getScreenshotAs(org.openqa.selenium.OutputType)&amp;quot; because &amp;quot;driver&amp;quot; is null">
      <![CDATA[java.lang.NullPointerException: Cannot invoke "org.openqa.selenium.TakesScreenshot.getScreenshotAs(org.openqa.selenium.OutputType)" because "driver" is null
at navmivishwakarma.TestComponents.BaseTest.getScreenshot(BaseTest.java:90)
at navmivishwakarma.TestComponents.Listeners.onTestFailure(Listeners.java:51)
at java.base/java.util.ArrayList.forEach(ArrayList.java:1511)
... Removed 24 stack frames]]>
    </failure>
  </testcase> <!-- productCheck -->
</testsuite> <!-- Test -->
